<?xml version="1.0" encoding="UTF-8"?>
<testng-results ignored="0" total="1" passed="1" failed="0" skipped="0">
  <reporter-output>
  </reporter-output>
  <suite started-at="2023-03-21T13:45:21 IST" name="Default suite" finished-at="2023-03-21T13:45:21 IST" duration-ms="77">
    <groups>
    </groups>
    <test started-at="2023-03-21T13:45:21 IST" name="Default test" finished-at="2023-03-21T13:45:21 IST" duration-ms="77">
      <class name="practice.practice">
        <test-method signature="sample()[pri:0, instance:practice.practice@1eb5174b]" started-at="2023-03-21T13:45:21 IST" name="sample" finished-at="2023-03-21T13:45:21 IST" duration-ms="14" status="PASS">
          <reporter-output>
          </reporter-output>
        </test-method> <!-- sample -->
      </class> <!-- practice.practice -->
    </test> <!-- Default test -->
  </suite> <!-- Default suite -->
</testng-results>
